<?xml version="1.0" encoding="UTF-8"?>
<!-- Generated by org.testng.reporters.JUnitReportReporter -->
<testsuite hostname="mindfeb04" failures="0" tests="1" name="test.Order" time="26.304" errors="0" timestamp="2022-05-23T10:26:37 GMT+05:30" skipped="0">
  <testcase classname="test.Order" name="Tset2" time="26.304"/>
  <system-out/>
</testsuite> <!-- test.Order -->
