<?xml version="1.0" encoding="UTF-8"?>
<!-- Generated by org.testng.reporters.JUnitReportReporter -->
<testsuite hostname="mindfeb04" failures="0" tests="1" name="test.Login" time="8.138" errors="0" timestamp="2022-05-23T10:26:38 GMT+05:30" skipped="0">
  <testcase classname="test.Login" name="Tset1" time="8.138"/>
  <system-out/>
</testsuite> <!-- test.Login -->
