<?xml version="1.0" encoding="UTF-8"?>
<!-- Generated by org.testng.reporters.JUnitReportReporter -->
<testsuite hostname="mindfeb04" failures="0" tests="1" name="test.Product" time="9.921" errors="0" timestamp="2022-05-23T10:26:38 GMT+05:30" skipped="0">
  <testcase classname="test.Product" name="Tset3" time="9.921"/>
  <system-out/>
</testsuite> <!-- test.Product -->
