<?xml version="1.0" encoding="UTF-8"?>
<!-- Generated by org.testng.reporters.JUnitReportReporter -->
<testsuite hostname="mindfeb04" failures="0" tests="1" name="test.Addtocart" time="15.793" errors="0" timestamp="2022-05-23T13:05:19 GMT+05:30" skipped="0">
  <testcase classname="test.Addtocart" name="addToCart" time="15.793"/>
  <system-out/>
</testsuite> <!-- test.Addtocart -->
